#
# A fatal error has been detected by the Java Runtime Environment:
#
#  SIGSEGV (0xb) at pc=0x00007f68359e5231, pid=100951, tid=100962
#
# JRE version: Java(TM) SE Runtime Environment (14.0.2+12) (build 14.0.2+12-46)
# Java VM: Java HotSpot(TM) 64-Bit Server VM (14.0.2+12-46, mixed mode, sharing, tiered, compressed oops, g1 gc, linux-amd64)
# Problematic frame:
# C  [libjimage.so+0x4231]  ImageStrings::find(Endian*, char const*, int*, unsigned int)+0x71
#
# Core dump will be written. Default location: Core dumps may be processed with "/usr/share/apport/apport %p %s %c %d %P %E" (or dumping to /home/berin/Desktop/task_hunter/backend/core.100951)
#
# If you would like to submit a bug report, please visit:
#   https://bugreport.java.com/bugreport/crash.jsp
#

---------------  S U M M A R Y ------------

Command Line: -agentlib:jdwp=transport=dt_socket,server=n,suspend=y,address=localhost:43413 -XX:+ShowCodeDetailsInExceptionMessages -Dfile.encoding=UTF-8 com.taskhntr.taskhunter.TaskhunterApplication

Host: Intel(R) Core(TM) i7-4700MQ CPU @ 2.40GHz, 8 cores, 7G, Ubuntu 20.04.1 LTS
Time: Mon Oct 12 16:57:04 2020 PDT elapsed time: 3559 seconds (0d 0h 59m 19s)

---------------  T H R E A D  ---------------

Current thread (0x00007f683014d800):  JavaThread "Signal Dispatcher" daemon [_thread_in_vm, id=100962, stack(0x00007f6804c4b000,0x00007f6804d4c000)]

Stack: [0x00007f6804c4b000,0x00007f6804d4c000],  sp=0x00007f6804d491d0,  free space=1016k
Native frames: (J=compiled Java code, A=aot compiled Java code, j=interpreted, Vv=VM code, C=native code)
C  [libjimage.so+0x4231]  ImageStrings::find(Endian*, char const*, int*, unsigned int)+0x71
C  [libjimage.so+0x4d7a]  ImageFileReader::find_location_index(char const*, unsigned long long*) const+0x3a
C  [libjimage.so+0x5271]  JIMAGE_FindResource+0xf1
V  [libjvm.so+0x50f473]  ClassPathImageEntry::open_stream_for_loader(char const*, ClassLoaderData*, Thread*)+0x53
V  [libjvm.so+0x513e5d]  ClassLoader::load_class(Symbol*, bool, Thread*)+0x13d
V  [libjvm.so+0xc7c773]  SystemDictionary::load_instance_class(Symbol*, Handle, Thread*)+0x423
V  [libjvm.so+0xc7b45a]  SystemDictionary::resolve_instance_class_or_null(Symbol*, Handle, Handle, Thread*)+0x9ba
V  [libjvm.so+0xc7d650]  SystemDictionary::resolve_or_fail(Symbol*, Handle, Handle, bool, Thread*)+0x50
V  [libjvm.so+0x578d10]  ConstantPool::klass_at_impl(constantPoolHandle const&, int, bool, Thread*)+0xe0
V  [libjvm.so+0x7878ca]  InterpreterRuntime::_new(JavaThread*, ConstantPool*, int)+0x6a
j  jdk.internal.misc.Signal.dispatch(I)V+25 java.base@14.0.2
v  ~StubRoutines::call_stub
V  [libjvm.so+0x78e42b]  JavaCalls::call_helper(JavaValue*, methodHandle const&, JavaCallArguments*, Thread*)+0x2fb
V  [libjvm.so+0x78ea89]  JavaCalls::call_static(JavaValue*, Klass*, Symbol*, Symbol*, JavaCallArguments*, Thread*)+0x129
V  [libjvm.so+0xb13861]  signal_thread_entry(JavaThread*, Thread*)+0x311
V  [libjvm.so+0xcc2592]  JavaThread::thread_main_inner()+0xe2
V  [libjvm.so+0xcc6dad]  Thread::call_run()+0x10d
V  [libjvm.so+0xb24677]  thread_native_entry(Thread*)+0xe7

Java frames: (J=compiled Java code, j=interpreted, Vv=VM code)
j  jdk.internal.misc.Signal.dispatch(I)V+25 java.base@14.0.2
v  ~StubRoutines::call_stub

siginfo: si_signo: 11 (SIGSEGV), si_code: 1 (SEGV_MAPERR), si_addr: 0x00007f68276f0650

Register to memory mapping:

RAX=0x000000000000798d is an unknown value
RBX=0x00007f6804d49281 is pointing into the stack for thread: 0x00007f683014d800
RCX=0x00007f68276d201c is an unknown value
RDX=0x000000000000798d is an unknown value
RSP=0x00007f6804d491d0 is pointing into the stack for thread: 0x00007f683014d800
RBP=0x00007f6804d491f0 is pointing into the stack for thread: 0x00007f683014d800
RSI=0x00007f6804d49280 is pointing into the stack for thread: 0x00007f683014d800
RDI=0x00007f68359fe150: <offset 0x000000000001d150> in /usr/lib/jvm/java-14-oracle/lib/libjimage.so at 0x00007f68359e1000
R8 =0x0 is NULL
R9 =0x0000000076100fa4 is an unknown value
R10=0x00007f6804d492a3 is pointing into the stack for thread: 0x00007f683014d800
R11=0x00007f6804d4a3f8 is pointing into the stack for thread: 0x00007f683014d800
R12=0x00007f6804d49280 is pointing into the stack for thread: 0x00007f683014d800
R13=0x00000000000083f3 is an unknown value
R14=0x00007f6804d4a328 is pointing into the stack for thread: 0x00007f683014d800
R15=0x00007f683014e270 points into unknown readable memory: 6a 64 6b 2f 69 6e 74 65


Registers:
RAX=0x000000000000798d, RBX=0x00007f6804d49281, RCX=0x00007f68276d201c, RDX=0x000000000000798d
RSP=0x00007f6804d491d0, RBP=0x00007f6804d491f0, RSI=0x00007f6804d49280, RDI=0x00007f68359fe150
R8 =0x0000000000000000, R9 =0x0000000076100fa4, R10=0x00007f6804d492a3, R11=0x00007f6804d4a3f8
R12=0x00007f6804d49280, R13=0x00000000000083f3, R14=0x00007f6804d4a328, R15=0x00007f683014e270
RIP=0x00007f68359e5231, EFLAGS=0x0000000000010246, CSGSFS=0x002b000000000033, ERR=0x0000000000000004
  TRAPNO=0x000000000000000e

Top of Stack: (sp=0x00007f6804d491d0)
0x00007f6804d491d0:   0000000000000000 00007f6830039ed0
0x00007f6804d491e0:   0000000000000000 00007f6804d49280
0x00007f6804d491f0:   00007f6804d49260 00007f68359e5d7a
0x00007f6804d49200:   0000000000000000 0000000000000000 

Instructions: (pc=0x00007f68359e5231)
0x00007f68359e5131:   48 89 df 48 89 4d 88 e8 53 16 00 00 48 8b 4d 88
0x00007f68359e5141:   44 03 6d 90 e9 42 fd ff ff 66 0f 1f 44 00 00 8b
0x00007f68359e5151:   08 41 89 0e 44 89 c1 8b 74 08 fc 41 89 74 0e fc
0x00007f68359e5161:   e9 d8 fe ff ff 66 2e 0f 1f 84 00 00 00 00 00 ba
0x00007f68359e5171:   0a 00 00 00 e9 95 fd ff ff 44 89 c1 0f b7 74 08
0x00007f68359e5181:   fe 66 41 89 74 0e fe e9 b1 fe ff ff 0f 1f 00 0f
0x00007f68359e5191:   b6 17 89 f1 4c 8d 47 01 84 d2 74 1a 0f 1f 00 69
0x00007f68359e51a1:   c9 93 01 00 01 49 83 c0 01 31 d1 41 0f b6 50 ff
0x00007f68359e51b1:   84 d2 75 eb 89 ce 89 f0 25 ff ff ff 7f c3 90 48
0x00007f68359e51c1:   85 d2 0f 84 e1 00 00 00 85 c9 0f 84 d9 00 00 00
0x00007f68359e51d1:   55 48 89 e5 41 55 41 54 53 48 8d 5e 01 48 83 ec
0x00007f68359e51e1:   08 44 0f b6 06 45 84 c0 0f 84 b1 00 00 00 49 89
0x00007f68359e51f1:   da b8 93 01 00 01 66 0f 1f 84 00 00 00 00 00 44
0x00007f68359e5201:   69 c8 93 01 00 01 49 83 c2 01 41 0f b6 c0 45 0f
0x00007f68359e5211:   b6 42 ff 44 31 c8 45 84 c0 75 e4 25 ff ff ff 7f
0x00007f68359e5221:   41 89 cd 48 89 d1 31 d2 49 89 f4 41 f7 f5 89 d0
0x00007f68359e5231:   8b 34 81 48 8b 07 ff 50 20 85 c0 7f 22 ba ff ff
0x00007f68359e5241:   ff ff 74 04 f7 d0 89 c2 48 83 c4 08 89 d0 5b 41
0x00007f68359e5251:   5c 41 5d 5d c3 66 2e 0f 1f 84 00 00 00 00 00 41
0x00007f68359e5261:   0f b6 34 24 89 c7 40 84 f6 74 1b 0f 1f 40 00 69
0x00007f68359e5271:   ff 93 01 00 01 48 83 c3 01 31 f7 0f b6 73 ff 40
0x00007f68359e5281:   84 f6 75 eb 89 f8 25 ff ff ff 7f 31 d2 48 83 c4
0x00007f68359e5291:   08 41 f7 f5 5b 41 5c 41 5d 5d 89 d0 c3 66 90 b8
0x00007f68359e52a1:   93 01 00 01 e9 77 ff ff ff 83 ca ff 89 d0 c3 0f
0x00007f68359e52b1:   b6 17 48 89 f8 84 d2 75 19 eb 1e 0f 1f 40 00 38
0x00007f68359e52c1:   ca 75 1c 48 83 c0 01 0f b6 10 48 83 c6 01 84 d2
0x00007f68359e52d1:   74 15 0f b6 0e 84 c9 75 e6 c3 0f 1f 44 00 00 31
0x00007f68359e52e1:   c0 c3 0f 1f 44 00 00 c3 90 66 0f 1f 44 00 00 48
0x00007f68359e52f1:   85 f6 74 5a 0f b6 06 84 c0 74 54 0f 1f 40 00 0f
0x00007f68359e5301:   b6 d0 83 e0 07 c1 fa 03 44 8d 50 01 0f b6 c0 41
0x00007f68359e5311:   89 d1 4c 8d 44 06 02 48 8d 56 01 31 c0 66 90 0f
0x00007f68359e5321:   b6 0a 48 c1 e0 08 48 83 c2 01 48 09 c8 49 39 d0 


Stack slot to memory mapping:
stack at sp + 0 slots: 0x0 is NULL
stack at sp + 1 slots: 0x00007f6830039ed0 points into unknown readable memory: e0 30 00 dc 67 7f 00 00
stack at sp + 2 slots: 0x0 is NULL
stack at sp + 3 slots: 0x00007f6804d49280 is pointing into the stack for thread: 0x00007f683014d800
stack at sp + 4 slots: 0x00007f6804d49260 is pointing into the stack for thread: 0x00007f683014d800
stack at sp + 5 slots: 0x00007f68359e5d7a: <offset 0x0000000000004d7a> in /usr/lib/jvm/java-14-oracle/lib/libjimage.so at 0x00007f68359e1000
stack at sp + 6 slots: 0x0 is NULL
stack at sp + 7 slots: 0x0 is NULL


---------------  P R O C E S S  ---------------

Threads class SMR info:
_java_thread_list=0x00007f67d4001660, length=30, elements={
0x00007f6830145800, 0x00007f6830147800, 0x00007f683014d800, 0x00007f683014f800,
0x00007f6830151800, 0x00007f6830153800, 0x00007f6830155800, 0x00007f68301da800,
0x00007f68301de000, 0x00007f68301df800, 0x00007f68301e5000, 0x00007f683118a000,
0x00007f67a8002800, 0x00007f68311ae800, 0x00007f68311d4000, 0x00007f68313a3800,
0x00007f6831fae800, 0x00007f6831fb0000, 0x00007f6831fb1800, 0x00007f6831fb3800,
0x00007f6831fb5000, 0x00007f6831fb7000, 0x00007f6831fb9000, 0x00007f6831fbb000,
0x00007f6831fbd000, 0x00007f6831fbe800, 0x00007f6831fc0800, 0x00007f6831fc3800,
0x00007f6831fca000, 0x00007f683002d800
}

Java Threads: ( => current thread )
  0x00007f6830145800 JavaThread "Reference Handler" daemon [_thread_blocked, id=100960, stack(0x00007f68053bd000,0x00007f68054be000)]
  0x00007f6830147800 JavaThread "Finalizer" daemon [_thread_blocked, id=100961, stack(0x00007f68052bc000,0x00007f68053bd000)]
=>0x00007f683014d800 JavaThread "Signal Dispatcher" daemon [_thread_in_vm, id=100962, stack(0x00007f6804c4b000,0x00007f6804d4c000)]
  0x00007f683014f800 JavaThread "Service Thread" daemon [_thread_blocked, id=100963, stack(0x00007f6804b4a000,0x00007f6804c4b000)]
  0x00007f6830151800 JavaThread "C2 CompilerThread0" daemon [_thread_blocked, id=100964, stack(0x00007f6804a49000,0x00007f6804b4a000)]
  0x00007f6830153800 JavaThread "C1 CompilerThread0" daemon [_thread_blocked, id=100965, stack(0x00007f6804948000,0x00007f6804a49000)]
  0x00007f6830155800 JavaThread "Sweeper thread" daemon [_thread_blocked, id=100966, stack(0x00007f6804847000,0x00007f6804948000)]
  0x00007f68301da800 JavaThread "JDWP Transport Listener: dt_socket" daemon [_thread_in_native, id=100969, stack(0x00007f6804746000,0x00007f6804847000)]
  0x00007f68301de000 JavaThread "JDWP Event Helper Thread" daemon [_thread_blocked, id=100971, stack(0x00007f6804645000,0x00007f6804746000)]
  0x00007f68301df800 JavaThread "Notification Thread" daemon [_thread_blocked, id=100977, stack(0x00007f6804443000,0x00007f6804544000)]
  0x00007f68301e5000 JavaThread "Common-Cleaner" daemon [_thread_blocked, id=100979, stack(0x00007f6804240000,0x00007f6804341000)]
  0x00007f683118a000 JavaThread "Catalina-utility-1" [_thread_blocked, id=100990, stack(0x00007f68040e3000,0x00007f68041e4000)]
  0x00007f67a8002800 JavaThread "Catalina-utility-2" [_thread_blocked, id=100991, stack(0x00007f67be8f7000,0x00007f67be9f8000)]
  0x00007f68311ae800 JavaThread "container-0" [_thread_blocked, id=100992, stack(0x00007f67be7f6000,0x00007f67be8f7000)]
  0x00007f68311d4000 JavaThread "mysql-cj-abandoned-connection-cleanup" daemon [_thread_blocked, id=100993, stack(0x00007f67be6f5000,0x00007f67be7f6000)]
  0x00007f68313a3800 JavaThread "HikariPool-1 housekeeper" daemon [_thread_blocked, id=100998, stack(0x00007f67bdbec000,0x00007f67bdced000)]
  0x00007f6831fae800 JavaThread "http-nio-8080-BlockPoller" daemon [_thread_in_native, id=101004, stack(0x00007f67bc3e8000,0x00007f67bc4e9000)]
  0x00007f6831fb0000 JavaThread "http-nio-8080-exec-1" daemon [_thread_blocked, id=101005, stack(0x00007f67bc0e4000,0x00007f67bc1e5000)]
  0x00007f6831fb1800 JavaThread "http-nio-8080-exec-2" daemon [_thread_blocked, id=101006, stack(0x00007f6777eff000,0x00007f6778000000)]
  0x00007f6831fb3800 JavaThread "http-nio-8080-exec-3" daemon [_thread_blocked, id=101007, stack(0x00007f6777dfe000,0x00007f6777eff000)]
  0x00007f6831fb5000 JavaThread "http-nio-8080-exec-4" daemon [_thread_blocked, id=101008, stack(0x00007f6777cfd000,0x00007f6777dfe000)]
  0x00007f6831fb7000 JavaThread "http-nio-8080-exec-5" daemon [_thread_blocked, id=101009, stack(0x00007f6777bfc000,0x00007f6777cfd000)]
  0x00007f6831fb9000 JavaThread "http-nio-8080-exec-6" daemon [_thread_blocked, id=101010, stack(0x00007f6777afb000,0x00007f6777bfc000)]
  0x00007f6831fbb000 JavaThread "http-nio-8080-exec-7" daemon [_thread_blocked, id=101011, stack(0x00007f67779fa000,0x00007f6777afb000)]
  0x00007f6831fbd000 JavaThread "http-nio-8080-exec-8" daemon [_thread_blocked, id=101012, stack(0x00007f67778f9000,0x00007f67779fa000)]
  0x00007f6831fbe800 JavaThread "http-nio-8080-exec-9" daemon [_thread_blocked, id=101013, stack(0x00007f67777f8000,0x00007f67778f9000)]
  0x00007f6831fc0800 JavaThread "http-nio-8080-exec-10" daemon [_thread_blocked, id=101014, stack(0x00007f67776f7000,0x00007f67777f8000)]
  0x00007f6831fc3800 JavaThread "http-nio-8080-ClientPoller" daemon [_thread_in_native, id=101015, stack(0x00007f67775f6000,0x00007f67776f7000)]
  0x00007f6831fca000 JavaThread "http-nio-8080-Acceptor" daemon [_thread_in_native, id=101016, stack(0x00007f67774f5000,0x00007f67775f6000)]
  0x00007f683002d800 JavaThread "DestroyJavaVM" [_thread_blocked, id=100952, stack(0x00007f6835a0a000,0x00007f6835b0b000)]

Other Threads:
  0x00007f6830142800 VMThread "VM Thread" [stack: 0x00007f68054c0000,0x00007f68055c0000] [id=100959]
  0x00007f68301e2000 WatcherThread [stack: 0x00007f6804343000,0x00007f6804443000] [id=100978]
  0x00007f683006e800 GCTaskThread "GC Thread#0" [stack: 0x00007f6834233000,0x00007f6834333000] [id=100954]
  0x00007f67fc001000 GCTaskThread "GC Thread#1" [stack: 0x00007f67bff00000,0x00007f67c0000000] [id=100982]
  0x00007f67fc002000 GCTaskThread "GC Thread#2" [stack: 0x00007f67bfdfe000,0x00007f67bfefe000] [id=100983]
  0x00007f67fc007000 GCTaskThread "GC Thread#3" [stack: 0x00007f67bfafc000,0x00007f67bfbfc000] [id=100985]
  0x00007f67fc00a000 GCTaskThread "GC Thread#4" [stack: 0x00007f67be5f5000,0x00007f67be6f5000] [id=100994]
  0x00007f67fc00b000 GCTaskThread "GC Thread#5" [stack: 0x00007f67be4f3000,0x00007f67be5f3000] [id=100995]
  0x00007f67fc00c800 GCTaskThread "GC Thread#6" [stack: 0x00007f67be3f1000,0x00007f67be4f1000] [id=100996]
  0x00007f67fc00e000 GCTaskThread "GC Thread#7" [stack: 0x00007f67be2ef000,0x00007f67be3ef000] [id=100997]
  0x00007f6830080000 ConcurrentGCThread "G1 Main Marker" [stack: 0x00007f6834131000,0x00007f6834231000] [id=100955]
  0x00007f6830081800 ConcurrentGCThread "G1 Conc#0" [stack: 0x00007f683402f000,0x00007f683412f000] [id=100956]
  0x00007f6808001000 ConcurrentGCThread "G1 Conc#1" [stack: 0x00007f67beffa000,0x00007f67bf0fa000] [id=100987]
  0x00007f6830109000 ConcurrentGCThread "G1 Refine#0" [stack: 0x00007f681401a000,0x00007f681411a000] [id=100957]
  0x00007f683010a800 ConcurrentGCThread "G1 Young RemSet Sampling" [stack: 0x00007f6805f00000,0x00007f6806000000] [id=100958]

Threads with active compile tasks:

VM state:not at safepoint (normal execution)

VM Mutex/Monitor currently owned by a thread: None

Heap address: 0x0000000084a00000, size: 1974 MB, Compressed Oops mode: 32-bit
Narrow klass base: 0x0000000800000000, Narrow klass shift: 3
Compressed class space size: 1073741824 Address: 0x0000000800b11000

Heap:
 garbage-first heap   total 84992K, used 47753K [0x0000000084a00000, 0x0000000100000000)
  region size 1024K, 18 young (18432K), 4 survivors (4096K)
 Metaspace       used 62682K, capacity 64155K, committed 64304K, reserved 1105920K
  class space    used 8191K, capacity 8748K, committed 8832K, reserved 1048576K
Heap Regions: E=young(eden), S=young(survivor), O=old, HS=humongous(starts), HC=humongous(continues), CS=collection set, F=free, OA=open archive, CA=closed archive, TAMS=top-at-mark-start (previous, next)
|   0|0x0000000084a00000, 0x0000000084b00000, 0x0000000084b00000|100%|HS|  |TAMS 0x0000000084b00000, 0x0000000084a00000| Complete 
|   1|0x0000000084b00000, 0x0000000084c00000, 0x0000000084c00000|100%| O|  |TAMS 0x0000000084c00000, 0x0000000084b00000| Untracked 
|   2|0x0000000084c00000, 0x0000000084d00000, 0x0000000084d00000|100%| O|  |TAMS 0x0000000084d00000, 0x0000000084c00000| Untracked 
|   3|0x0000000084d00000, 0x0000000084e00000, 0x0000000084e00000|100%| O|  |TAMS 0x0000000084e00000, 0x0000000084d00000| Untracked 
|   4|0x0000000084e00000, 0x0000000084f00000, 0x0000000084f00000|100%| O|  |TAMS 0x0000000084f00000, 0x0000000084e00000| Untracked 
|   5|0x0000000084f00000, 0x0000000085000000, 0x0000000085000000|100%| O|  |TAMS 0x0000000085000000, 0x0000000084f00000| Untracked 
|   6|0x0000000085000000, 0x0000000085021e00, 0x0000000085100000| 13%| O|  |TAMS 0x0000000085021e00, 0x0000000085000000| Untracked 
|   7|0x0000000085100000, 0x0000000085200000, 0x0000000085200000|100%| O|  |TAMS 0x0000000085200000, 0x0000000085100000| Untracked 
|   8|0x0000000085200000, 0x0000000085300000, 0x0000000085300000|100%| O|  |TAMS 0x0000000085300000, 0x0000000085200000| Untracked 
|   9|0x0000000085300000, 0x0000000085400000, 0x0000000085400000|100%| O|  |TAMS 0x0000000085400000, 0x0000000085300000| Untracked 
|  10|0x0000000085400000, 0x0000000085500000, 0x0000000085500000|100%| O|  |TAMS 0x0000000085500000, 0x0000000085400000| Untracked 
|  11|0x0000000085500000, 0x0000000085600000, 0x0000000085600000|100%| O|  |TAMS 0x0000000085600000, 0x0000000085500000| Untracked 
|  12|0x0000000085600000, 0x0000000085700000, 0x0000000085700000|100%| O|  |TAMS 0x0000000085700000, 0x0000000085600000| Untracked 
|  13|0x0000000085700000, 0x0000000085800000, 0x0000000085800000|100%| O|  |TAMS 0x0000000085800000, 0x0000000085700000| Untracked 
|  14|0x0000000085800000, 0x0000000085900000, 0x0000000085900000|100%| O|  |TAMS 0x0000000085900000, 0x0000000085800000| Untracked 
|  15|0x0000000085900000, 0x0000000085a00000, 0x0000000085a00000|100%| O|  |TAMS 0x0000000085a00000, 0x0000000085900000| Untracked 
|  16|0x0000000085a00000, 0x0000000085b00000, 0x0000000085b00000|100%| O|  |TAMS 0x0000000085b00000, 0x0000000085a00000| Untracked 
|  17|0x0000000085b00000, 0x0000000085c00000, 0x0000000085c00000|100%| O|  |TAMS 0x0000000085c00000, 0x0000000085b00000| Untracked 
|  18|0x0000000085c00000, 0x0000000085d00000, 0x0000000085d00000|100%| O|  |TAMS 0x0000000085d00000, 0x0000000085c00000| Untracked 
|  19|0x0000000085d00000, 0x0000000085e00000, 0x0000000085e00000|100%| O|  |TAMS 0x0000000085e00000, 0x0000000085d00000| Untracked 
|  20|0x0000000085e00000, 0x0000000085f00000, 0x0000000085f00000|100%| O|  |TAMS 0x0000000085f00000, 0x0000000085e00000| Untracked 
|  21|0x0000000085f00000, 0x0000000086000000, 0x0000000086000000|100%| O|  |TAMS 0x0000000086000000, 0x0000000085f00000| Untracked 
|  22|0x0000000086000000, 0x0000000086100000, 0x0000000086100000|100%| O|  |TAMS 0x0000000086100000, 0x0000000086000000| Untracked 
|  23|0x0000000086100000, 0x0000000086200000, 0x0000000086200000|100%| O|  |TAMS 0x0000000086200000, 0x0000000086100000| Untracked 
|  24|0x0000000086200000, 0x0000000086300000, 0x0000000086300000|100%| O|  |TAMS 0x0000000086300000, 0x0000000086200000| Untracked 
|  25|0x0000000086300000, 0x0000000086400000, 0x0000000086400000|100%| O|  |TAMS 0x0000000086398200, 0x0000000086300000| Untracked 
|  26|0x0000000086400000, 0x0000000086500000, 0x0000000086500000|100%| O|  |TAMS 0x0000000086400000, 0x0000000086400000| Untracked 
|  27|0x0000000086500000, 0x0000000086600000, 0x0000000086600000|100%| O|  |TAMS 0x0000000086500000, 0x0000000086500000| Untracked 
|  28|0x0000000086600000, 0x0000000086700000, 0x0000000086700000|100%| O|  |TAMS 0x0000000086600000, 0x0000000086600000| Untracked 
|  29|0x0000000086700000, 0x00000000867ddc00, 0x0000000086800000| 86%| O|  |TAMS 0x0000000086700000, 0x0000000086700000| Untracked 
|  30|0x0000000086800000, 0x0000000086800000, 0x0000000086900000|  0%| F|  |TAMS 0x0000000086800000, 0x0000000086800000| Untracked 
|  31|0x0000000086900000, 0x0000000086900000, 0x0000000086a00000|  0%| F|  |TAMS 0x0000000086900000, 0x0000000086900000| Untracked 
|  32|0x0000000086a00000, 0x0000000086a00000, 0x0000000086b00000|  0%| F|  |TAMS 0x0000000086a00000, 0x0000000086a00000| Untracked 
|  33|0x0000000086b00000, 0x0000000086b00000, 0x0000000086c00000|  0%| F|  |TAMS 0x0000000086b00000, 0x0000000086b00000| Untracked 
|  34|0x0000000086c00000, 0x0000000086c00000, 0x0000000086d00000|  0%| F|  |TAMS 0x0000000086c00000, 0x0000000086c00000| Untracked 
|  35|0x0000000086d00000, 0x0000000086d00000, 0x0000000086e00000|  0%| F|  |TAMS 0x0000000086d00000, 0x0000000086d00000| Untracked 
|  36|0x0000000086e00000, 0x0000000086e00000, 0x0000000086f00000|  0%| F|  |TAMS 0x0000000086e00000, 0x0000000086e00000| Untracked 
|  37|0x0000000086f00000, 0x0000000086f00000, 0x0000000087000000|  0%| F|  |TAMS 0x0000000086f00000, 0x0000000086f00000| Untracked 
|  38|0x0000000087000000, 0x0000000087000000, 0x0000000087100000|  0%| F|  |TAMS 0x0000000087000000, 0x0000000087000000| Untracked 
|  39|0x0000000087100000, 0x0000000087100000, 0x0000000087200000|  0%| F|  |TAMS 0x0000000087100000, 0x0000000087100000| Untracked 
|  40|0x0000000087200000, 0x0000000087200000, 0x0000000087300000|  0%| F|  |TAMS 0x0000000087200000, 0x0000000087200000| Untracked 
|  41|0x0000000087300000, 0x0000000087300000, 0x0000000087400000|  0%| F|  |TAMS 0x0000000087300000, 0x0000000087300000| Untracked 
|  42|0x0000000087400000, 0x00000000874d1c20, 0x0000000087500000| 81%| S|CS|TAMS 0x0000000087400000, 0x0000000087400000| Complete 
|  43|0x0000000087500000, 0x0000000087600000, 0x0000000087600000|100%| S|CS|TAMS 0x0000000087500000, 0x0000000087500000| Complete 
|  44|0x0000000087600000, 0x0000000087700000, 0x0000000087700000|100%| S|CS|TAMS 0x0000000087600000, 0x0000000087600000| Complete 
|  45|0x0000000087700000, 0x0000000087800000, 0x0000000087800000|100%| S|CS|TAMS 0x0000000087700000, 0x0000000087700000| Complete 
|  46|0x0000000087800000, 0x0000000087800000, 0x0000000087900000|  0%| F|  |TAMS 0x0000000087800000, 0x0000000087800000| Untracked 
|  47|0x0000000087900000, 0x0000000087900000, 0x0000000087a00000|  0%| F|  |TAMS 0x0000000087900000, 0x0000000087900000| Untracked 
|  48|0x0000000087a00000, 0x0000000087a00000, 0x0000000087b00000|  0%| F|  |TAMS 0x0000000087a00000, 0x0000000087a00000| Untracked 
|  49|0x0000000087b00000, 0x0000000087b00000, 0x0000000087c00000|  0%| F|  |TAMS 0x0000000087b00000, 0x0000000087b00000| Untracked 
|  50|0x0000000087c00000, 0x0000000087c00000, 0x0000000087d00000|  0%| F|  |TAMS 0x0000000087c00000, 0x0000000087c00000| Untracked 
|  51|0x0000000087d00000, 0x0000000087d00000, 0x0000000087e00000|  0%| F|  |TAMS 0x0000000087d00000, 0x0000000087d00000| Untracked 
|  52|0x0000000087e00000, 0x0000000087e00000, 0x0000000087f00000|  0%| F|  |TAMS 0x0000000087e00000, 0x0000000087e00000| Untracked 
|  53|0x0000000087f00000, 0x0000000087f00000, 0x0000000088000000|  0%| F|  |TAMS 0x0000000087f00000, 0x0000000087f00000| Untracked 
|  54|0x0000000088000000, 0x0000000088000000, 0x0000000088100000|  0%| F|  |TAMS 0x0000000088000000, 0x0000000088000000| Untracked 
|  55|0x0000000088100000, 0x0000000088100000, 0x0000000088200000|  0%| F|  |TAMS 0x0000000088100000, 0x0000000088100000| Untracked 
|  56|0x0000000088200000, 0x0000000088200000, 0x0000000088300000|  0%| F|  |TAMS 0x0000000088200000, 0x0000000088200000| Untracked 
|  57|0x0000000088300000, 0x0000000088300000, 0x0000000088400000|  0%| F|  |TAMS 0x0000000088300000, 0x0000000088300000| Untracked 
|  58|0x0000000088400000, 0x0000000088400000, 0x0000000088500000|  0%| F|  |TAMS 0x0000000088400000, 0x0000000088400000| Untracked 
|  59|0x0000000088500000, 0x0000000088500000, 0x0000000088600000|  0%| F|  |TAMS 0x0000000088500000, 0x0000000088500000| Untracked 
|  60|0x0000000088600000, 0x0000000088600000, 0x0000000088700000|  0%| F|  |TAMS 0x0000000088600000, 0x0000000088600000| Untracked 
|  61|0x0000000088700000, 0x0000000088700000, 0x0000000088800000|  0%| F|  |TAMS 0x0000000088700000, 0x0000000088700000| Untracked 
|  62|0x0000000088800000, 0x0000000088800000, 0x0000000088900000|  0%| F|  |TAMS 0x0000000088800000, 0x0000000088800000| Untracked 
|  63|0x0000000088900000, 0x0000000088900000, 0x0000000088a00000|  0%| F|  |TAMS 0x0000000088900000, 0x0000000088900000| Untracked 
|  64|0x0000000088a00000, 0x0000000088a00000, 0x0000000088b00000|  0%| F|  |TAMS 0x0000000088a00000, 0x0000000088a00000| Untracked 
|  65|0x0000000088b00000, 0x0000000088b00000, 0x0000000088c00000|  0%| F|  |TAMS 0x0000000088b00000, 0x0000000088b00000| Untracked 
|  66|0x0000000088c00000, 0x0000000088c00000, 0x0000000088d00000|  0%| F|  |TAMS 0x0000000088c00000, 0x0000000088c00000| Untracked 
|  67|0x0000000088d00000, 0x0000000088df0f28, 0x0000000088e00000| 94%| E|  |TAMS 0x0000000088d00000, 0x0000000088d00000| Complete 
|  68|0x0000000088e00000, 0x0000000088f00000, 0x0000000088f00000|100%| E|CS|TAMS 0x0000000088e00000, 0x0000000088e00000| Complete 
|  69|0x0000000088f00000, 0x0000000089000000, 0x0000000089000000|100%| E|CS|TAMS 0x0000000088f00000, 0x0000000088f00000| Complete 
|  70|0x0000000089000000, 0x0000000089100000, 0x0000000089100000|100%| E|CS|TAMS 0x0000000089000000, 0x0000000089000000| Complete 
|  71|0x0000000089100000, 0x0000000089200000, 0x0000000089200000|100%| E|CS|TAMS 0x0000000089100000, 0x0000000089100000| Complete 
|  72|0x0000000089200000, 0x0000000089300000, 0x0000000089300000|100%| E|CS|TAMS 0x0000000089200000, 0x0000000089200000| Complete 
|  73|0x0000000089300000, 0x0000000089400000, 0x0000000089400000|100%| E|CS|TAMS 0x0000000089300000, 0x0000000089300000| Complete 
|  74|0x0000000089400000, 0x0000000089500000, 0x0000000089500000|100%| E|CS|TAMS 0x0000000089400000, 0x0000000089400000| Complete 
|  75|0x0000000089500000, 0x0000000089600000, 0x0000000089600000|100%| E|CS|TAMS 0x0000000089500000, 0x0000000089500000| Complete 
|  76|0x0000000089600000, 0x0000000089700000, 0x0000000089700000|100%| E|CS|TAMS 0x0000000089600000, 0x0000000089600000| Complete 
|  77|0x0000000089700000, 0x0000000089800000, 0x0000000089800000|100%| E|CS|TAMS 0x0000000089700000, 0x0000000089700000| Complete 
|  78|0x0000000089800000, 0x0000000089900000, 0x0000000089900000|100%| E|CS|TAMS 0x0000000089800000, 0x0000000089800000| Complete 
|  79|0x0000000089900000, 0x0000000089a00000, 0x0000000089a00000|100%| E|CS|TAMS 0x0000000089900000, 0x0000000089900000| Complete 
| 123|0x000000008c500000, 0x000000008c600000, 0x000000008c600000|100%| E|CS|TAMS 0x000000008c500000, 0x000000008c500000| Complete 
|1972|0x00000000ffe00000, 0x00000000ffe52000, 0x00000000fff00000| 32%|OA|  |TAMS 0x00000000ffe52000, 0x00000000ffe00000| Untracked 
|1973|0x00000000fff00000, 0x00000000fff7f000, 0x0000000100000000| 49%|CA|  |TAMS 0x00000000fff7f000, 0x00000000fff00000| Untracked 

Card table byte_map: [0x00007f683478e000,0x00007f6834b69000] _byte_map_base: 0x00007f6834369000

Marking Bits (Prev, Next): (CMBitMap*) 0x00007f683006f908, (CMBitMap*) 0x00007f683006f948
 Prev Bits: [0x00007f68167fa000, 0x00007f68186d2000)
 Next Bits: [0x00007f6814922000, 0x00007f68167fa000)

Polling page: 0x00007f683702b000

Metaspace:

Usage:
  Non-class:     54.11 MB capacity,    53.21 MB ( 98%) used,   725.30 KB (  1%) free+waste,   190.69 KB ( <1%) overhead. 
      Class:      8.54 MB capacity,     8.00 MB ( 94%) used,   468.40 KB (  5%) free+waste,    88.06 KB (  1%) overhead. 
       Both:     62.65 MB capacity,    61.21 MB ( 98%) used,     1.17 MB (  2%) free+waste,   278.75 KB ( <1%) overhead. 

Virtual space:
  Non-class space:       56.00 MB reserved,      54.17 MB ( 97%) committed 
      Class space:        1.00 GB reserved,       8.62 MB ( <1%) committed 
             Both:        1.05 GB reserved,      62.80 MB (  6%) committed 

Chunk freelists:
   Non-Class:  45.00 KB
       Class:  16.00 KB
        Both:  61.00 KB

MaxMetaspaceSize: unlimited
CompressedClassSpaceSize: 1.00 GB

CodeHeap 'non-profiled nmethods': size=120028Kb used=2319Kb max_used=2574Kb free=117708Kb
